This file contains any messages produced by compilers while
running configure, to aid debugging if configure makes a mistake.

It was created by Chocolate Doom configure 1.6.0, which was
generated by GNU Autoconf 2.69.  Invocation command line was

  $ ./configure 

## --------- ##
## Platform. ##
## --------- ##

hostname = mrhuu-VirtualBox
uname -m = x86_64
uname -r = 4.10.0-40-generic
uname -s = Linux
uname -v = #44~16.04.1-Ubuntu SMP Thu Nov 9 15:37:44 UTC 2017

/usr/bin/uname -p = unknown
/bin/uname -X     = unknown

/bin/arch              = unknown
/usr/bin/arch -k       = unknown
/usr/convex/getsysinfo = unknown
/usr/bin/hostinfo      = unknown
/bin/machine           = unknown
/usr/bin/oslevel       = unknown
/bin/universe          = unknown

PATH: /usr/local/sbin
PATH: /usr/local/bin
PATH: /usr/sbin
PATH: /usr/bin
PATH: /sbin
PATH: /bin
PATH: /snap/bin


## ----------- ##
## Core tests. ##
## ----------- ##

configure:1787: error: cannot find install-sh, install.sh, or shtool in autotools "."/autotools

## ---------------- ##
## Cache variables. ##
## ---------------- ##

ac_cv_env_CC_set=
ac_cv_env_CC_value=
ac_cv_env_CFLAGS_set=
ac_cv_env_CFLAGS_value=
ac_cv_env_CPPFLAGS_set=
ac_cv_env_CPPFLAGS_value=
ac_cv_env_LDFLAGS_set=
ac_cv_env_LDFLAGS_value=
ac_cv_env_LIBS_set=
ac_cv_env_LIBS_value=
ac_cv_env_build_alias_set=
ac_cv_env_build_alias_value=
ac_cv_env_host_alias_set=
ac_cv_env_host_alias_value=
ac_cv_env_target_alias_set=
ac_cv_env_target_alias_value=

## ----------------- ##
## Output variables. ##
## ----------------- ##

CC=''
CFLAGS=''
CPPFLAGS=''
DEFS=''
ECHO_C=''
ECHO_N='-n'
ECHO_T=''
EXEEXT=''
HAVE_PYTHON=''
LDFLAGS=''
LIBOBJS=''
LIBS=''
LTLIBOBJS=''
OBJEXT=''
PACKAGE_BUGREPORT='fraggle@gmail.com'
PACKAGE_COPYRIGHT='Copyright (C) 1993-2011'
PACKAGE_LICENSE='GNU General Public License, version 2'
PACKAGE_MAINTAINER='Simon Howard'
PACKAGE_NAME='Chocolate Doom'
PACKAGE_SHORTDESC='Conservative Doom source port'
PACKAGE_STRING='Chocolate Doom 1.6.0'
PACKAGE_TARNAME='chocolate-doom'
PACKAGE_URL='http://www.chocolate-doom.org/'
PACKAGE_VERSION='1.6.0'
PATH_SEPARATOR=':'
PROGRAM_PREFIX=''
RANLIB=''
SDLMIXER_CFLAGS=''
SDLMIXER_LIBS=''
SDLNET_CFLAGS=''
SDLNET_LIBS=''
SHELL='/bin/bash'
STRIP=''
WINDOWS_RC_VERSION=''
WINDRES=''
ac_aux_dir=''
ac_ct_CC=''
bindir='${exec_prefix}/bin'
build_alias=''
datadir='${datarootdir}'
datarootdir='${prefix}/share'
docdir='${datarootdir}/doc/${PACKAGE_TARNAME}'
dvidir='${docdir}'
exec_prefix='NONE'
host_alias=''
htmldir='${docdir}'
includedir='${prefix}/include'
infodir='${datarootdir}/info'
libdir='${exec_prefix}/lib'
libexecdir='${exec_prefix}/libexec'
localedir='${datarootdir}/locale'
localstatedir='${prefix}/var'
mandir='${datarootdir}/man'
oldincludedir='/usr/include'
pdfdir='${docdir}'
prefix='NONE'
program_transform_name='s,x,x,'
psdir='${docdir}'
runstatedir='${localstatedir}/run'
sbindir='${exec_prefix}/sbin'
sharedstatedir='${prefix}/com'
sysconfdir='${prefix}/etc'
target_alias=''

## ----------- ##
## confdefs.h. ##
## ----------- ##

/* confdefs.h */
#define PACKAGE_NAME "Chocolate Doom"
#define PACKAGE_TARNAME "chocolate-doom"
#define PACKAGE_VERSION "1.6.0"
#define PACKAGE_STRING "Chocolate Doom 1.6.0"
#define PACKAGE_BUGREPORT "fraggle@gmail.com"
#define PACKAGE_URL ""

configure: exit 1
